  main.cpp
  ofApp.cpp
D:\Documents\Cours_TELECOM_et_IUT\of_v0.12.0_vs_release\libs\openFrameworks\math\ofMatrix4x4.h(326,20): warning C4267: 'argument' : conversion de 'size_t' en 'int', perte possible de données (compilation du fichier source src\ofApp.cpp)
D:\Documents\Cours_TELECOM_et_IUT\of_v0.12.0_vs_release\libs\openFrameworks\math\ofMatrix4x4.h(331,20): warning C4267: 'argument' : conversion de 'size_t' en 'int', perte possible de données (compilation du fichier source src\ofApp.cpp)
D:\Documents\Cours_TELECOM_et_IUT\of_v0.12.0_vs_release\libs\openFrameworks\math\ofMatrix4x4.h(326,20): warning C4267: 'argument' : conversion de 'size_t' en 'int', perte possible de données (compilation du fichier source src\main.cpp)
D:\Documents\Cours_TELECOM_et_IUT\of_v0.12.0_vs_release\libs\openFrameworks\math\ofMatrix4x4.h(331,20): warning C4267: 'argument' : conversion de 'size_t' en 'int', perte possible de données (compilation du fichier source src\main.cpp)
D:\Documents\Cours_TELECOM_et_IUT\of_v0.12.0_vs_release\libs\openFrameworks\math\ofMatrix4x4.h(912,11): warning C4267: 'argument' : conversion de 'size_t' en 'int', perte possible de données (compilation du fichier source src\main.cpp)
D:\Documents\Cours_TELECOM_et_IUT\of_v0.12.0_vs_release\libs\openFrameworks\math\ofMatrix4x4.h(913,11): warning C4267: 'argument' : conversion de 'size_t' en 'int', perte possible de données (compilation du fichier source src\main.cpp)
D:\Documents\Cours_TELECOM_et_IUT\of_v0.12.0_vs_release\libs\openFrameworks\math\ofMatrix4x4.h(912,11): warning C4267: 'argument' : conversion de 'size_t' en 'int', perte possible de données (compilation du fichier source src\ofApp.cpp)
D:\Documents\Cours_TELECOM_et_IUT\of_v0.12.0_vs_release\libs\openFrameworks\math\ofMatrix4x4.h(914,11): warning C4267: 'argument' : conversion de 'size_t' en 'int', perte possible de données (compilation du fichier source src\main.cpp)
D:\Documents\Cours_TELECOM_et_IUT\of_v0.12.0_vs_release\libs\openFrameworks\math\ofMatrix4x4.h(913,11): warning C4267: 'argument' : conversion de 'size_t' en 'int', perte possible de données (compilation du fichier source src\ofApp.cpp)
D:\Documents\Cours_TELECOM_et_IUT\of_v0.12.0_vs_release\libs\openFrameworks\math\ofMatrix4x4.h(915,11): warning C4267: 'argument' : conversion de 'size_t' en 'int', perte possible de données (compilation du fichier source src\main.cpp)
D:\Documents\Cours_TELECOM_et_IUT\of_v0.12.0_vs_release\libs\openFrameworks\math\ofMatrix4x4.h(914,11): warning C4267: 'argument' : conversion de 'size_t' en 'int', perte possible de données (compilation du fichier source src\ofApp.cpp)
D:\Documents\Cours_TELECOM_et_IUT\of_v0.12.0_vs_release\libs\openFrameworks\math\ofMatrix4x4.h(915,11): warning C4267: 'argument' : conversion de 'size_t' en 'int', perte possible de données (compilation du fichier source src\ofApp.cpp)
LINK : warning LNK4075: ' /INCREMENTAL' ignoré à cause de la spécification '/FORCE'
  MoteurBalistique.vcxproj -> D:\Documents\Cours_TELECOM_et_IUT\DM_2324_UQAC_JV\Maths_Phys_JV\projet\MoteurBalistique\MoteurBalistique\MoteurBalistique\bin\MoteurBalistique_debug.exe
  
  	                   2	D:\Documents\Cours_TELECOM_et_IUT\of_v0.12.0_vs_release\libs\fmod\lib\vs\x64\
  	  Nouveau fichier		 1826304	D:\Documents\Cours_TELECOM_et_IUT\of_v0.12.0_vs_release\libs\fmod\lib\vs\x64\fmod.dll
  	  Nouveau fichier		 2041856	D:\Documents\Cours_TELECOM_et_IUT\of_v0.12.0_vs_release\libs\fmod\lib\vs\x64\fmodL.dll
  
  	                   1	D:\Documents\Cours_TELECOM_et_IUT\of_v0.12.0_vs_release\libs\FreeImage\lib\vs\x64\
  	  *Fichier SUPPL.		 1826304	D:\Documents\Cours_TELECOM_et_IUT\DM_2324_UQAC_JV\Maths_Phys_JV\projet\MoteurBalistique\MoteurBalistique\MoteurBalistique\bin\fmod.dll
  	  *Fichier SUPPL.		 2041856	D:\Documents\Cours_TELECOM_et_IUT\DM_2324_UQAC_JV\Maths_Phys_JV\projet\MoteurBalistique\MoteurBalistique\MoteurBalistique\bin\fmodL.dll
  	  Nouveau fichier		 6942208	D:\Documents\Cours_TELECOM_et_IUT\of_v0.12.0_vs_release\libs\FreeImage\lib\vs\x64\FreeImage.dll
